<?xml version='1.0' encoding='UTF-8'?>
<result>
  <suites>
    <suite>
      <file>/Users/Shared/Jenkins/Home/workspace/SmartRegisterTest/test-reports/TEST-BasketTest.xml</file>
      <name>BasketTest</name>
      <duration>0.0</duration>
      <timestamp>2013-07-17T11:32:32+01:00</timestamp>
      <cases>
        <case>
          <duration>0.0</duration>
          <className>BasketTest</className>
          <testName>testBasketExists</testName>
          <skipped>false</skipped>
          <failedSince>0</failedSince>
        </case>
        <case>
          <duration>0.0</duration>
          <className>BasketTest</className>
          <testName>testBasketShouldBeEmpty</testName>
          <skipped>false</skipped>
          <failedSince>0</failedSince>
        </case>
      </cases>
    </suite>
  </suites>
  <duration>0.0</duration>
  <keepLongStdio>false</keepLongStdio>
</result>