<?xml version='1.0' encoding='UTF-8'?>
<result>
  <suites>
    <suite>
      <file>/Users/Shared/Jenkins/Home/workspace/SmartRegisterTest/test-reports/TEST-BasketItemTests.xml</file>
      <name>BasketItemTests</name>
      <duration>0.0</duration>
      <timestamp>2013-07-17T17:30:27+01:00</timestamp>
      <cases>
        <case>
          <duration>0.0</duration>
          <className>BasketItemTests</className>
          <testName>testBasketRemovesItem</testName>
          <skipped>false</skipped>
          <failedSince>0</failedSince>
        </case>
      </cases>
    </suite>
    <suite>
      <file>/Users/Shared/Jenkins/Home/workspace/SmartRegisterTest/test-reports/TEST-BasketTest.xml</file>
      <name>BasketTest</name>
      <duration>0.0</duration>
      <timestamp>2013-07-17T17:30:27+01:00</timestamp>
      <cases>
        <case>
          <duration>0.0</duration>
          <className>BasketTest</className>
          <testName>testAddingNilThrowsException</testName>
          <skipped>false</skipped>
          <failedSince>0</failedSince>
        </case>
        <case>
          <duration>0.0</duration>
          <className>BasketTest</className>
          <testName>testBasketConformsToTableViewDataSource</testName>
          <skipped>false</skipped>
          <failedSince>0</failedSince>
        </case>
        <case>
          <duration>0.0</duration>
          <className>BasketTest</className>
          <testName>testBasketExists</testName>
          <skipped>false</skipped>
          <failedSince>0</failedSince>
        </case>
        <case>
          <duration>0.0</duration>
          <className>BasketTest</className>
          <testName>testBasketInformsDelegateWhenItemAdded</testName>
          <skipped>false</skipped>
          <failedSince>0</failedSince>
        </case>
        <case>
          <duration>0.0</duration>
          <className>BasketTest</className>
          <testName>testBasketInformsDelegateWhenItemsCleared</testName>
          <skipped>false</skipped>
          <failedSince>0</failedSince>
        </case>
        <case>
          <duration>0.0</duration>
          <className>BasketTest</className>
          <testName>testBasketInformsDelegateWithRowWhenItemRemoved</testName>
          <skipped>false</skipped>
          <failedSince>0</failedSince>
        </case>
        <case>
          <duration>0.0</duration>
          <className>BasketTest</className>
          <testName>testBasketItemHasABasket</testName>
          <skipped>false</skipped>
          <failedSince>0</failedSince>
        </case>
        <case>
          <duration>0.0</duration>
          <className>BasketTest</className>
          <testName>testBasketReturnsCorrectItem</testName>
          <skipped>false</skipped>
          <failedSince>0</failedSince>
        </case>
        <case>
          <duration>0.0</duration>
          <className>BasketTest</className>
          <testName>testBasketShouldBeEmpty</testName>
          <skipped>false</skipped>
          <failedSince>0</failedSince>
        </case>
        <case>
          <duration>0.0</duration>
          <className>BasketTest</className>
          <testName>testBasketTotalPriceIsEqualToItemTotalPrice</testName>
          <skipped>false</skipped>
          <failedSince>0</failedSince>
        </case>
        <case>
          <duration>0.0</duration>
          <className>BasketTest</className>
          <testName>testBasketTotalPriceIsZero</testName>
          <skipped>false</skipped>
          <failedSince>0</failedSince>
        </case>
        <case>
          <duration>0.0</duration>
          <className>BasketTest</className>
          <testName>testCellProvidedWithItemWhenCreated</testName>
          <skipped>false</skipped>
          <failedSince>0</failedSince>
        </case>
        <case>
          <duration>0.0</duration>
          <className>BasketTest</className>
          <testName>testClearingBasketRemovesAllItems</testName>
          <skipped>false</skipped>
          <failedSince>0</failedSince>
        </case>
        <case>
          <duration>0.0</duration>
          <className>BasketTest</className>
          <testName>testItemAtRowDoesNotThrowWhenEmpty</testName>
          <skipped>false</skipped>
          <failedSince>0</failedSince>
        </case>
        <case>
          <duration>0.0</duration>
          <className>BasketTest</className>
          <testName>testNumberOfItemsDecreases</testName>
          <skipped>false</skipped>
          <failedSince>0</failedSince>
        </case>
        <case>
          <duration>0.0</duration>
          <className>BasketTest</className>
          <testName>testNumberOfItemsIncreases</testName>
          <skipped>false</skipped>
          <failedSince>0</failedSince>
        </case>
        <case>
          <duration>0.0</duration>
          <className>BasketTest</className>
          <testName>testRemoveItemFromEmptyBasketDoesNotThrow</testName>
          <skipped>false</skipped>
          <failedSince>0</failedSince>
        </case>
        <case>
          <duration>0.0</duration>
          <className>BasketTest</className>
          <testName>testRemovingNilThrowsException</testName>
          <skipped>false</skipped>
          <failedSince>0</failedSince>
        </case>
        <case>
          <duration>0.0</duration>
          <className>BasketTest</className>
          <testName>testTableViewNumberOfRowsIsBasketNumberOfItemsWhenEmpty</testName>
          <skipped>false</skipped>
          <failedSince>0</failedSince>
        </case>
        <case>
          <duration>0.0</duration>
          <className>BasketTest</className>
          <testName>testTableViewNumberOfRowsIsBasketNumberOfItemsWhenNotEmpty</testName>
          <skipped>false</skipped>
          <failedSince>0</failedSince>
        </case>
      </cases>
    </suite>
    <suite>
      <file>/Users/Shared/Jenkins/Home/workspace/SmartRegisterTest/test-reports/TEST-BasketViewControllerTests.xml</file>
      <name>BasketViewControllerTests</name>
      <duration>0.0</duration>
      <timestamp>2013-07-17T17:30:27+01:00</timestamp>
      <cases>
        <case>
          <duration>0.0</duration>
          <className>BasketViewControllerTests</className>
          <testName>testViewControllerConformsToBasketDelegateProtocol</testName>
          <skipped>false</skipped>
          <failedSince>0</failedSince>
        </case>
      </cases>
    </suite>
  </suites>
  <duration>0.0</duration>
  <keepLongStdio>false</keepLongStdio>
</result>